<?xml version="1.0" encoding="UTF-8"?>
<!-- Generated by org.testng.reporters.JUnitXMLReporter -->
<testsuite hostname="SAMSUNG-PC" ignored="0" name="Test" tests="1" failures="0" timestamp="20 Oct 2017 12:43:52 GMT" time="15.694" errors="0">
  <testcase name="@BeforeMethod beforeMethod" time="15.617" classname="com.saphire.test.smoke.TestLoginUser115">
    <failure type="org.openqa.selenium.WebDriverException" message="Reached error page: about:neterror?e=dnsNotFound&amp;amp;u=http%3A//www.gmail.com/&amp;amp;c=UTF-8&amp;amp;f=regular&amp;amp;d=Firefox%20can%E2%80%99t%20find%20the%20server%20at%20www.gmail.com.
Build info: version: &amp;apos;3.6.0&amp;apos;, revision: &amp;apos;6fbf3ec767&amp;apos;, time: &amp;apos;2017-09-27T16:15:40.131Z&amp;apos;
System info: host: &amp;apos;SAMSUNG-PC&amp;apos;, ip: &amp;apos;192.168.56.1&amp;apos;, os.name: &amp;apos;Windows 7&amp;apos;, os.arch: &amp;apos;amd64&amp;apos;, os.version: &amp;apos;6.1&amp;apos;, java.version: &amp;apos;1.8.0_121&amp;apos;
Driver info: org.openqa.selenium.firefox.FirefoxDriver
Capabilities [{moz:profile=C:\Users\SAMSUNG\AppData\Local\Temp\rust_mozprofile.3NjxT4mUKZ3A, rotatable=false, timeouts={implicit=0, pageLoad=300000, script=30000}, pageLoadStrategy=normal, platform=XP, specificationLevel=0, moz:accessibilityChecks=false, acceptInsecureCerts=true, browserVersion=54.0.1, platformVersion=6.1, moz:processID=7812, browserName=firefox, javascriptEnabled=true, platformName=XP}]
Session ID: e9bd236a-c73a-4056-a24c-08416ce7834e">
      <![CDATA[org.openqa.selenium.WebDriverException: Reached error page: about:neterror?e=dnsNotFound&u=http%3A//www.gmail.com/&c=UTF-8&f=regular&d=Firefox%20can%E2%80%99t%20find%20the%20server%20at%20www.gmail.com.
Build info: version: '3.6.0', revision: '6fbf3ec767', time: '2017-09-27T16:15:40.131Z'
System info: host: 'SAMSUNG-PC', ip: '192.168.56.1', os.name: 'Windows 7', os.arch: 'amd64', os.version: '6.1', java.version: '1.8.0_121'
Driver info: org.openqa.selenium.firefox.FirefoxDriver
Capabilities [{moz:profile=C:\Users\SAMSUNG\AppData\Local\Temp\rust_mozprofile.3NjxT4mUKZ3A, rotatable=false, timeouts={implicit=0, pageLoad=300000, script=30000}, pageLoadStrategy=normal, platform=XP, specificationLevel=0, moz:accessibilityChecks=false, acceptInsecureCerts=true, browserVersion=54.0.1, platformVersion=6.1, moz:processID=7812, browserName=firefox, javascriptEnabled=true, platformName=XP}]
Session ID: e9bd236a-c73a-4056-a24c-08416ce7834e
	at org.openqa.selenium.remote.http.W3CHttpResponseCodec.createException(W3CHttpResponseCodec.java:185)
	at org.openqa.selenium.remote.http.W3CHttpResponseCodec.decode(W3CHttpResponseCodec.java:120)
	at org.openqa.selenium.remote.http.W3CHttpResponseCodec.decode(W3CHttpResponseCodec.java:49)
	at org.openqa.selenium.remote.HttpCommandExecutor.execute(HttpCommandExecutor.java:164)
	at org.openqa.selenium.remote.service.DriverCommandExecutor.execute(DriverCommandExecutor.java:83)
	at org.openqa.selenium.remote.RemoteWebDriver.execute(RemoteWebDriver.java:586)
	at org.openqa.selenium.remote.RemoteWebDriver.get(RemoteWebDriver.java:310)
	at com.saphire.test.config.TestConfiguration.createDriverInstance(TestConfiguration.java:27)
	at com.saphire.test.smoke.TestLoginUser115.beforeMethod(TestLoginUser115.java:26)
... Removed 31 stack frames]]>
    </failure>
  </testcase> <!-- @BeforeMethod beforeMethod -->
  <testcase name="@AfterMethod afterMethod" time="0.0" classname="com.saphire.test.smoke.TestLoginUser115">
    <skipped/>
  </testcase> <!-- @AfterMethod afterMethod -->
  <testcase name="f" time="0.0" classname="com.saphire.test.smoke.TestLoginUser115">
    <skipped/>
  </testcase> <!-- f -->
</testsuite> <!-- Test -->
